#
# A fatal error has been detected by the Java Runtime Environment:
#
#  EXCEPTION_ACCESS_VIOLATION (0xc0000005) at pc=0x00007ffdacca16ec, pid=10636, tid=0x0000000000001dcc
#
# JRE version: Java(TM) SE Runtime Environment (8.0_92-b14) (build 1.8.0_92-b14)
# Java VM: Java HotSpot(TM) 64-Bit Server VM (25.92-b14 mixed mode windows-amd64 compressed oops)
# Problematic frame:
# C  [lwjgl_opengl.dll+0x116ec]
#
# Failed to write core dump. Minidumps are not enabled by default on client versions of Windows
#
# If you would like to submit a bug report, please visit:
#   http://bugreport.java.com/bugreport/crash.jsp
# The crash happened outside the Java Virtual Machine in native code.
# See problematic frame for where to report the bug.
#

---------------  T H R E A D  ---------------

Current thread (0x0000000002730800):  JavaThread "main" [_thread_in_native, id=7628, stack(0x0000000000e90000,0x0000000000f90000)]

siginfo: ExceptionCode=0xc0000005, reading address 0x0000000000004260

Registers:
RAX=0x0000000074c8ad50, RBX=0x000000001af69808, RCX=0x0000000000000000, RDX=0x0000000000000000
RSP=0x0000000000f8f2a8, RBP=0x0000000000f8f338, RSI=0x0000000000000020, RDI=0x000000000283835d
R8 =0x0000000000000780, R9 =0x00000000000003de, R10=0x0000000000000000, R11=0x000000007471a610
R12=0x0000000000000000, R13=0x000000001af69800, R14=0x0000000000f8f370, R15=0x0000000002730800
RIP=0x00007ffdacca16ec, EFLAGS=0x0000000000010206

Top of Stack: (sp=0x0000000000f8f2a8)
0x0000000000f8f2a8:   0000000002847f54 0000000000000020
0x0000000000f8f2b8:   000000000283835d 000000000283835d
0x0000000000f8f2c8:   0000000002847ccb 0000000000000780
0x0000000000f8f2d8:   00000000000003de 0000000000000020
0x0000000000f8f2e8:   0000000002730800 0000000002847c82
0x0000000000f8f2f8:   0000000000f8f2f8 000000001af69800
0x0000000000f8f308:   0000000000f8f370 000000001af77828
0x0000000000f8f318:   0000000000000000 000000001af69808
0x0000000000f8f328:   0000000000000000 0000000000f8f358
0x0000000000f8f338:   0000000000f8f3b8 000000000283835d
0x0000000000f8f348:   00000000d65795f8 00000000028419d8
0x0000000000f8f358:   00000000000003de 0000000000000780
0x0000000000f8f368:   0000000000000000 0000000000000000
0x0000000000f8f378:   0000000000f8f378 000000001af306e8
0x0000000000f8f388:   0000000000f8f3c8 000000001af347b8
0x0000000000f8f398:   0000000000000000 000000001af30718 

Instructions: (pc=0x00007ffdacca16ec)
0x00007ffdacca16cc:   cc cc cc cc 40 53 48 8b 01 41 8b d8 44 8b 44 24
0x00007ffdacca16dc:   30 41 8b d1 44 8b 4c 24 38 8b cb 4c 8b 50 18 5b
0x00007ffdacca16ec:   49 ff a2 60 42 00 00 cc cc cc cc cc cc cc cc cc
0x00007ffdacca16fc:   cc cc cc cc 40 53 48 83 ec 50 48 8b 01 41 8b d8 


Register to memory mapping:

RAX=0x0000000074c8ad50 is an unknown value
RBX={method} {0x000000001af69810} 'glViewport' '(IIII)V' in 'org/lwjgl/opengl/GL11'
RCX=0x0000000000000000 is an unknown value
RDX=0x0000000000000000 is an unknown value
RSP=0x0000000000f8f2a8 is pointing into the stack for thread: 0x0000000002730800
RBP=0x0000000000f8f338 is pointing into the stack for thread: 0x0000000002730800
RSI=0x0000000000000020 is an unknown value
RDI=0x000000000283835d is at code_begin+2301 in an Interpreter codelet
invoke return entry points  [0x0000000002837a60, 0x0000000002838440]  2528 bytes
R8 =0x0000000000000780 is an unknown value
R9 =0x00000000000003de is an unknown value
R10=0x0000000000000000 is an unknown value
R11=0x000000007471a610 is an unknown value
R12=0x0000000000000000 is an unknown value
R13=0x000000001af69800 is pointing into metadata
R14=0x0000000000f8f370 is pointing into the stack for thread: 0x0000000002730800
R15=0x0000000002730800 is a thread


Stack: [0x0000000000e90000,0x0000000000f90000],  sp=0x0000000000f8f2a8,  free space=1020k
Native frames: (J=compiled Java code, j=interpreted, Vv=VM code, C=native code)
C  [lwjgl_opengl.dll+0x116ec]
C  0x0000000002847f54

Java frames: (J=compiled Java code, j=interpreted, Vv=VM code)
j  org.lwjgl.opengl.GL11.glViewport(IIII)V+0
j  core.Window.setupOpenGL()V+16
j  core.Window.<init>(Ljava/lang/String;ZIIZ[I)V+395
j  core.Test.main([Ljava/lang/String;)V+68
v  ~StubRoutines::call_stub

---------------  P R O C E S S  ---------------

Java Threads: ( => current thread )
  0x00000000190cd000 JavaThread "AWT-EventQueue-0" [_thread_blocked, id=12216, stack(0x000000001a3b0000,0x000000001a4b0000)]
  0x0000000019061800 JavaThread "Image Fetcher 0" daemon [_thread_blocked, id=11776, stack(0x000000001a2b0000,0x000000001a3b0000)]
  0x0000000019043000 JavaThread "AWT-Windows" daemon [_thread_in_native, id=4220, stack(0x00000000199c0000,0x0000000019ac0000)]
  0x0000000019040000 JavaThread "AWT-Shutdown" [_thread_blocked, id=1264, stack(0x00000000198c0000,0x00000000199c0000)]
  0x000000001903e800 JavaThread "Java2D Disposer" daemon [_thread_blocked, id=11416, stack(0x00000000197c0000,0x00000000198c0000)]
  0x00000000173ee800 JavaThread "Service Thread" daemon [_thread_blocked, id=11520, stack(0x00000000190f0000,0x00000000191f0000)]
  0x00000000173a6800 JavaThread "C1 CompilerThread2" daemon [_thread_blocked, id=9876, stack(0x0000000018bf0000,0x0000000018cf0000)]
  0x000000001738c000 JavaThread "C2 CompilerThread1" daemon [_thread_blocked, id=4688, stack(0x0000000018af0000,0x0000000018bf0000)]
  0x0000000017399000 JavaThread "C2 CompilerThread0" daemon [_thread_blocked, id=1320, stack(0x00000000189f0000,0x0000000018af0000)]
  0x0000000017397800 JavaThread "Attach Listener" daemon [_thread_blocked, id=8280, stack(0x00000000188f0000,0x00000000189f0000)]
  0x0000000017396000 JavaThread "Signal Dispatcher" daemon [_thread_blocked, id=11676, stack(0x00000000187f0000,0x00000000188f0000)]
  0x000000000282a000 JavaThread "Finalizer" daemon [_thread_blocked, id=7828, stack(0x00000000185f0000,0x00000000186f0000)]
  0x000000000281f000 JavaThread "Reference Handler" daemon [_thread_blocked, id=2244, stack(0x00000000184f0000,0x00000000185f0000)]
=>0x0000000002730800 JavaThread "main" [_thread_in_native, id=7628, stack(0x0000000000e90000,0x0000000000f90000)]

Other Threads:
  0x0000000017357800 VMThread [stack: 0x00000000183f0000,0x00000000184f0000] [id=11392]
  0x0000000018d35800 WatcherThread [stack: 0x00000000191f0000,0x00000000192f0000] [id=10404]

VM state:not at safepoint (normal execution)

VM Mutex/Monitor currently owned by a thread: None

Heap:
 PSYoungGen      total 38400K, used 9503K [0x00000000d5d00000, 0x00000000d8780000, 0x0000000100000000)
  eden space 33280K, 28% used [0x00000000d5d00000,0x00000000d6647c60,0x00000000d7d80000)
  from space 5120K, 0% used [0x00000000d8280000,0x00000000d8280000,0x00000000d8780000)
  to   space 5120K, 0% used [0x00000000d7d80000,0x00000000d7d80000,0x00000000d8280000)
 ParOldGen       total 87552K, used 0K [0x0000000081600000, 0x0000000086b80000, 0x00000000d5d00000)
  object space 87552K, 0% used [0x0000000081600000,0x0000000081600000,0x0000000086b80000)
 Metaspace       used 11157K, capacity 11432K, committed 11648K, reserved 1058816K
  class space    used 1253K, capacity 1367K, committed 1408K, reserved 1048576K

Card table byte_map: [0x0000000011bf0000,0x0000000011ff0000] byte_map_base: 0x00000000117e5000

Marking Bits: (ParMarkBitMap*) 0x0000000074d064f0
 Begin Bits: [0x00000000126a0000, 0x0000000014648000)
 End Bits:   [0x0000000014648000, 0x00000000165f0000)

Polling page: 0x0000000000d40000

CodeCache: size=245760Kb used=2512Kb max_used=2525Kb free=243247Kb
 bounds [0x0000000002830000, 0x0000000002ab0000, 0x0000000011830000]
 total_blobs=1450 nmethods=586 adapters=777
 compilation: enabled

Compilation events (10 events):
Event: 3.517 Thread 0x000000001738c000  580       4       sun.security.provider.SHA::implCompress (491 bytes)
Event: 3.529 Thread 0x00000000173a6800  581       3       java.nio.charset.CharsetEncoder::maxBytesPerChar (5 bytes)
Event: 3.530 Thread 0x00000000173a6800 nmethod 581 0x0000000002aa0690 code [0x0000000002aa07e0, 0x0000000002aa0930]
Event: 3.531 Thread 0x00000000173a6800  584       3       java.util.zip.ZipFile::ensureOpen (37 bytes)
Event: 3.532 Thread 0x0000000017399000 nmethod 570 0x0000000002a9dc10 code [0x0000000002a9dea0, 0x0000000002a9e738]
Event: 3.532 Thread 0x0000000017399000  583       4       java.util.concurrent.ConcurrentHashMap::casTabAt (20 bytes)
Event: 3.532 Thread 0x00000000173a6800 nmethod 584 0x0000000002aa0090 code [0x0000000002aa0220, 0x0000000002aa0578]
Event: 3.532 Thread 0x00000000173a6800  585       3       java.util.zip.ZipCoder::getBytes (192 bytes)
Event: 3.534 Thread 0x0000000017399000 nmethod 583 0x0000000002a9da10 code [0x0000000002a9db40, 0x0000000002a9dbb8]
Event: 3.539 Thread 0x00000000173a6800 nmethod 585 0x0000000002aa3f10 code [0x0000000002aa42c0, 0x0000000002aa65f8]

GC Heap History (0 events):
No events

Deoptimization events (2 events):
Event: 1.476 Thread 0x0000000002730800 Uncommon trap: reason=null_check action=make_not_entrant pc=0x00000000029b1378 method=java.lang.String.equals(Ljava/lang/Object;)Z @ 8
Event: 2.263 Thread 0x0000000002730800 Uncommon trap: reason=unstable_if action=reinterpret pc=0x0000000002a31b28 method=java.lang.String.indexOf([CII[CIII)I @ 3

Internal exceptions (10 events):
Event: 0.895 Thread 0x0000000002730800 Exception <a 'java/security/PrivilegedActionException'> (0x00000000d5d8e050) thrown at [D:\re\workspace\8-2-build-windows-amd64-cygwin\jdk8u92\6642\hotspot\src\share\vm\prims\jvm.cpp, line 1386]
Event: 0.895 Thread 0x0000000002730800 Exception <a 'java/security/PrivilegedActionException'> (0x00000000d5d8e260) thrown at [D:\re\workspace\8-2-build-windows-amd64-cygwin\jdk8u92\6642\hotspot\src\share\vm\prims\jvm.cpp, line 1386]
Event: 0.900 Thread 0x0000000002730800 Exception <a 'java/security/PrivilegedActionException'> (0x00000000d5d91e08) thrown at [D:\re\workspace\8-2-build-windows-amd64-cygwin\jdk8u92\6642\hotspot\src\share\vm\prims\jvm.cpp, line 1386]
Event: 0.900 Thread 0x0000000002730800 Exception <a 'java/security/PrivilegedActionException'> (0x00000000d5d92018) thrown at [D:\re\workspace\8-2-build-windows-amd64-cygwin\jdk8u92\6642\hotspot\src\share\vm\prims\jvm.cpp, line 1386]
Event: 0.919 Thread 0x0000000002730800 Exception <a 'java/io/FileNotFoundException'> (0x00000000d5d94e88) thrown at [D:\re\workspace\8-2-build-windows-amd64-cygwin\jdk8u92\6642\hotspot\src\share\vm\prims\jni.cpp, line 709]
Event: 1.147 Thread 0x0000000002730800 Exception <a 'java/lang/NoSuchFieldError': method resolution failed> (0x00000000d5f08b78) thrown at [D:\re\workspace\8-2-build-windows-amd64-cygwin\jdk8u92\6642\hotspot\src\share\vm\prims\methodHandles.cpp, line 1146]
Event: 1.171 Thread 0x0000000002730800 Exception <a 'java/lang/NoSuchFieldError': method resolution failed> (0x00000000d5f15f48) thrown at [D:\re\workspace\8-2-build-windows-amd64-cygwin\jdk8u92\6642\hotspot\src\share\vm\prims\methodHandles.cpp, line 1146]
Event: 1.342 Thread 0x0000000002730800 Exception <a 'java/io/FileNotFoundException'> (0x00000000d5faac70) thrown at [D:\re\workspace\8-2-build-windows-amd64-cygwin\jdk8u92\6642\hotspot\src\share\vm\prims\jni.cpp, line 709]
Event: 1.475 Thread 0x0000000002730800 Implicit null exception at 0x00000000029b11a2 to 0x00000000029b1369
Event: 2.033 Thread 0x0000000002730800 Exception <a 'java/lang/NoSuchMethodError': java.lang.Object.lambda$static$0(Ljava/lang/String;)Ljava/lang/Boolean;> (0x00000000d62e8eb8) thrown at [D:\re\workspace\8-2-build-windows-amd64-cygwin\jdk8u92\6642\hotspot\src\share\vm\interpreter\linkResolver.cvUz»¡ì?

Events (10 events):
Event: 3.523 Thread 0x0000000002730800 DEOPT PACKING pc=0x0000000002a40b3e sp=0x0000000000f8dd00
Event: 3.523 Thread 0x0000000002730800 DEOPT UNPACKING pc=0x000000000287787f sp=0x0000000000f8da00 mode 0
Event: 3.524 loading class org/lwjgl/opengl/GL$4
Event: 3.524 loading class org/lwjgl/opengl/GL$4 done
Event: 3.527 loading class org/lwjgl/opengl/GL$1
Event: 3.527 loading class org/lwjgl/opengl/GL$1 done
Event: 3.529 loading class org/lwjgl/opengl/GL$SharedLibraryGL
Event: 3.529 loading class org/lwjgl/opengl/GL$SharedLibraryGL done
Event: 3.531 loading class org/lwjgl/system/SharedLibrary$Delegate
Event: 3.531 loading class org/lwjgl/system/SharedLibrary$Delegate done


Dynamic libraries:
0x00007ff645820000 - 0x00007ff645857000 	C:\Program Files\Java\jre1.8.0_92\bin\javaw.exe
0x00007ffdd9f80000 - 0x00007ffdda12d000 	C:\WINDOWS\SYSTEM32\ntdll.dll
0x00007ffdd7de0000 - 0x00007ffdd7f1e000 	C:\WINDOWS\system32\KERNEL32.DLL
0x00007ffdbfe50000 - 0x00007ffdbfe83000 	C:\Program Files (x86)\AVG\Antivirus\x64\aswhooka.dll
0x00007ffdd7360000 - 0x00007ffdd7475000 	C:\WINDOWS\system32\KERNELBASE.dll
0x00007ffdd5c70000 - 0x00007ffdd5cfe000 	C:\WINDOWS\system32\apphelp.dll
0x00007ffdae370000 - 0x00007ffdae3c3000 	C:\WINDOWS\AppPatch\AppPatch64\AcGenral.DLL
0x00007ffdd7610000 - 0x00007ffdd76ba000 	C:\WINDOWS\system32\msvcrt.dll
0x00007ffdd7530000 - 0x00007ffdd755e000 	C:\WINDOWS\system32\SspiCli.dll
0x00007ffdd7bf0000 - 0x00007ffdd7c44000 	C:\WINDOWS\system32\SHLWAPI.dll
0x00007ffdd97b0000 - 0x00007ffdd9927000 	C:\WINDOWS\system32\USER32.dll
0x00007ffdd7a50000 - 0x00007ffdd7be4000 	C:\WINDOWS\system32\ole32.dll
0x00007ffdd80d0000 - 0x00007ffdd95f9000 	C:\WINDOWS\system32\SHELL32.dll
0x00007ffdd66f0000 - 0x00007ffdd6711000 	C:\WINDOWS\SYSTEM32\USERENV.dll
0x00007ffdd9c30000 - 0x00007ffdd9cda000 	C:\WINDOWS\system32\ADVAPI32.dll
0x00007ffdc5d00000 - 0x00007ffdc5d1e000 	C:\WINDOWS\SYSTEM32\MPR.dll
0x00007ffdd9670000 - 0x00007ffdd97b0000 	C:\WINDOWS\system32\RPCRT4.dll
0x00007ffdd9b60000 - 0x00007ffdd9bb9000 	C:\WINDOWS\SYSTEM32\sechost.dll
0x00007ffdd9940000 - 0x00007ffdd9b52000 	C:\WINDOWS\SYSTEM32\combase.dll
0x00007ffdd7900000 - 0x00007ffdd7a4b000 	C:\WINDOWS\system32\GDI32.dll
0x00007ffdd70b0000 - 0x00007ffdd70c5000 	C:\WINDOWS\SYSTEM32\profapi.dll
0x00007ffdd5900000 - 0x00007ffdd59b2000 	C:\WINDOWS\SYSTEM32\SHCORE.dll
0x00007ffdd9f20000 - 0x00007ffdd9f56000 	C:\WINDOWS\system32\IMM32.DLL
0x00007ffdd77a0000 - 0x00007ffdd78f1000 	C:\WINDOWS\system32\MSCTF.dll
0x00007ffdd4000000 - 0x00007ffdd427b000 	C:\WINDOWS\WinSxS\amd64_microsoft.windows.common-controls_6595b64144ccf1df_6.0.9600.18006_none_623f33d3ecbe86e8\COMCTL32.dll
0x0000000073fb0000 - 0x0000000074082000 	C:\Program Files\Java\jre1.8.0_92\bin\msvcr100.dll
0x00000000744f0000 - 0x0000000074d86000 	C:\Program Files\Java\jre1.8.0_92\bin\server\jvm.dll
0x00007ffdd2cb0000 - 0x00007ffdd2cb9000 	C:\WINDOWS\SYSTEM32\WSOCK32.dll
0x00007ffdcebd0000 - 0x00007ffdcebf2000 	C:\WINDOWS\SYSTEM32\WINMM.dll
0x00007ffdd30a0000 - 0x00007ffdd30aa000 	C:\WINDOWS\SYSTEM32\VERSION.dll
0x00007ffdd7d10000 - 0x00007ffdd7d17000 	C:\WINDOWS\system32\PSAPI.DLL
0x00007ffdd9bc0000 - 0x00007ffdd9c1a000 	C:\WINDOWS\system32\WS2_32.dll
0x00007ffdce5d0000 - 0x00007ffdce5fa000 	C:\WINDOWS\SYSTEM32\WINMMBASE.dll
0x00007ffdd76c0000 - 0x00007ffdd76c9000 	C:\WINDOWS\system32\NSI.dll
0x00007ffdd7480000 - 0x00007ffdd74cf000 	C:\WINDOWS\SYSTEM32\cfgmgr32.dll
0x00007ffdd5ec0000 - 0x00007ffdd5ee8000 	C:\WINDOWS\SYSTEM32\DEVOBJ.dll
0x0000000074400000 - 0x000000007440f000 	C:\Program Files\Java\jre1.8.0_92\bin\verify.dll
0x00000000743d0000 - 0x00000000743f9000 	C:\Program Files\Java\jre1.8.0_92\bin\java.dll
0x00000000743b0000 - 0x00000000743c6000 	C:\Program Files\Java\jre1.8.0_92\bin\zip.dll
0x0000000073db0000 - 0x0000000073f48000 	C:\Program Files\Java\jre1.8.0_92\bin\awt.dll
0x00007ffdd76d0000 - 0x00007ffdd7796000 	C:\WINDOWS\system32\OLEAUT32.dll
0x00007ffdd56d0000 - 0x00007ffdd56f1000 	C:\WINDOWS\system32\DWMAPI.DLL
0x00007ffdd5d40000 - 0x00007ffdd5e69000 	C:\WINDOWS\system32\uxtheme.dll
0x00007ffdc6240000 - 0x00007ffdc62eb000 	C:\Program Files\Common Files\microsoft shared\ink\tiptsf.dll
0x00007ffdd5f10000 - 0x00007ffdd5f1b000 	C:\WINDOWS\SYSTEM32\kernel.appcore.dll
0x00007ffdd6ff0000 - 0x00007ffdd6ffb000 	C:\WINDOWS\SYSTEM32\CRYPTBASE.dll
0x00007ffdd6f80000 - 0x00007ffdd6fe3000 	C:\WINDOWS\SYSTEM32\bcryptPrimitives.dll
0x0000000073f60000 - 0x0000000073fa7000 	C:\Program Files\Java\jre1.8.0_92\bin\fontmanager.dll
0x0000000074390000 - 0x00000000743aa000 	C:\Program Files\Java\jre1.8.0_92\bin\net.dll
0x00007ffdd69b0000 - 0x00007ffdd6a09000 	C:\WINDOWS\system32\mswsock.dll
0x0000000074370000 - 0x0000000074381000 	C:\Program Files\Java\jre1.8.0_92\bin\nio.dll
0x0000000073d60000 - 0x0000000073da2000 	C:\Program Files\Java\jre1.8.0_92\bin\t2k.dll
0x00007ffdae1b0000 - 0x00007ffdae208000 	C:\Users\Mario\Documents\Java\Git-Repositories\LWJGL-Core\LWJGL-Core\natives\lwjgl.dll
0x00007ffdb8db0000 - 0x00007ffdb8dfd000 	C:\Users\Mario\Documents\Java\Git-Repositories\LWJGL-Core\LWJGL-Core\natives\glfw.dll
0x00007ffdaccf0000 - 0x00007ffdacd32000 	C:\WINDOWS\SYSTEM32\dinput8.dll
0x00007ffdd3d50000 - 0x00007ffdd3d5d000 	C:\WINDOWS\SYSTEM32\xinput1_4.dll
0x00007ffdd62b0000 - 0x00007ffdd62bd000 	C:\WINDOWS\SYSTEM32\HID.DLL
0x00007ffdd9d40000 - 0x00007ffdd9f1a000 	C:\WINDOWS\system32\SETUPAPI.DLL
0x00007ffdd74d0000 - 0x00007ffdd7521000 	C:\WINDOWS\system32\WINTRUST.dll
0x00007ffdd7180000 - 0x00007ffdd735f000 	C:\WINDOWS\system32\CRYPT32.dll
0x00007ffdd7160000 - 0x00007ffdd7171000 	C:\WINDOWS\system32\MSASN1.dll
0x00007ffdc2640000 - 0x00007ffdc276b000 	C:\WINDOWS\SYSTEM32\opengl32.dll
0x00007ffdc5d20000 - 0x00007ffdc5d4e000 	C:\WINDOWS\SYSTEM32\GLU32.dll
0x00007ffdbea70000 - 0x00007ffdbeb68000 	C:\WINDOWS\SYSTEM32\DDRAW.dll
0x00007ffdd2a60000 - 0x00007ffdd2a69000 	C:\WINDOWS\SYSTEM32\DCIMAN32.dll
0x00007ffda1330000 - 0x00007ffda1bf4000 	C:\WINDOWS\SYSTEM32\ig8icd64.dll
0x00007ffdc6ed0000 - 0x00007ffdc7878000 	C:\WINDOWS\SYSTEM32\igdusc64.dll
0x00007ffdd4790000 - 0x00007ffdd47a2000 	C:\WINDOWS\SYSTEM32\WTSAPI32.dll
0x00007ffdd6720000 - 0x00007ffdd6766000 	C:\WINDOWS\SYSTEM32\powrprof.dll
0x00007ffdacc90000 - 0x00007ffdaccef000 	C:\Users\Mario\Documents\Java\Git-Repositories\LWJGL-Core\LWJGL-Core\natives\lwjgl_opengl.dll
0x00007ffdd1ef0000 - 0x00007ffdd2079000 	C:\WINDOWS\SYSTEM32\dbghelp.dll

VM Arguments:
jvm_args: -Djava.library.path=C:\Users\Mario\Documents\Java\Git-Repositories\LWJGL-Core\LWJGL-Core\natives;C:\Users\Mario\Documents\Java\Git-Repositories\LWJGL-Core\LWJGL-Core\natives;C:\Users\Mario\Documents\Java\Git-Repositories\LWJGL-Core\LWJGL-Core\natives;C:\Users\Mario\Documents\Java\Git-Repositories\LWJGL-Core\LWJGL-Core\natives -Dfile.encoding=Cp1252 
java_command: core.Test
java_class_path (initial): C:\Users\Mario\Documents\Java\Git-Repositories\LWJGL-Core\LWJGL-Core\bin;C:\Users\Mario\Documents\Java\Git-Repositories\LWJGL-Core\LWJGL-Core\lwjgl.jar;C:\Users\Mario\Documents\Java\Git-Repositories\LWJGL-Core\LWJGL-Core\lwjgl-opengl.jar;C:\Users\Mario\Documents\Java\Git-Repositories\LWJGL-Core\LWJGL-Core\lwjgl-glfw.jar;C:\Users\Mario\Documents\Java\Git-Repositories\LWJGL-Core\LWJGL-Core\lwjgl-openal.jar
Launcher Type: SUN_STANDARD

Environment Variables:
PATH=C:/Program Files/Java/jre1.8.0_92/bin/server;C:/Program Files/Java/jre1.8.0_92/bin;C:/Program Files/Java/jre1.8.0_92/lib/amd64;C:\ProgramData\Oracle\Java\javapath;C:\Program Files (x86)\Intel\iCLS Client\;C:\Program Files\Intel\iCLS Client\;C:\WINDOWS\system32;C:\WINDOWS;C:\WINDOWS\System32\Wbem;C:\WINDOWS\System32\WindowsPowerShell\v1.0\;C:\Program Files\Intel\Intel(R) Management Engine Components\DAL;C:\Program Files (x86)\Intel\Intel(R) Management Engine Components\DAL;C:\Program Files\Intel\Intel(R) Management Engine Components\IPT;C:\Program Files (x86)\Intel\Intel(R) Management Engine Components\IPT;C:\ProgramData\Lenovo\ReadyApps;C:\Program Files\Intel\WiFi\bin\;C:\Program Files\Common Files\Intel\WirelessCommon\;C:\Program Files (x86)\Windows Live\Shared;C:\Program Files (x86)\Skype\Phone\;C:\Program Files\MiKTeX 2.9\miktex\bin\x64\;C:\WINDOWS\System32;
USERNAME=Mario
OS=Windows_NT
PROCESSOR_IDENTIFIER=Intel64 Family 6 Model 61 Stepping 4, GenuineIntel



---------------  S Y S T E M  ---------------

OS: Windows 8.1 , 64 bit Build 9600 (6.3.9600.17415)

CPU:total 4 (2 cores per cpu, 2 threads per core) family 6 model 61 stepping 4, cmov, cx8, fxsr, mmx, sse, sse2, sse3, ssse3, sse4.1, sse4.2, popcnt, avx, avx2, aes, clmul, erms, 3dnowpref, lzcnt, ht, tsc, tscinvbit, bmi1, bmi2, adx

Memory: 4k page, physical 8292164k(3126268k free), swap 10532340k(4016252k free)

vm_info: Java HotSpot(TM) 64-Bit Server VM (25.92-b14) for windows-amd64 JRE (1.8.0_92-b14), built on Mar 31 2016 21:03:04 by "java_re" with MS VC++ 10.0 (VS2010)

time: Sat Nov 04 00:40:54 2017
elapsed time: 3 seconds (0d 0h 0m 3s)

